<?xml version="1.0" encoding="UTF-8"?>
<testsuite name="ch.uzh.ifi.hase.soprafs24.service.UserServiceIntegrationTest" tests="4" skipped="0" failures="0" errors="0" timestamp="2025-04-22T13:05:04" hostname="rohit-precision" time="0.178">
  <properties/>
  <testcase name="createUser_validInputs_success()" classname="ch.uzh.ifi.hase.soprafs24.service.UserServiceIntegrationTest" time="0.122"/>
  <testcase name="userAuthenticate_invalidToken_throwsException()" classname="ch.uzh.ifi.hase.soprafs24.service.UserServiceIntegrationTest" time="0.027"/>
  <testcase name="userAuthenticate_validToken_success()" classname="ch.uzh.ifi.hase.soprafs24.service.UserServiceIntegrationTest" time="0.013"/>
  <testcase name="createUser_duplicateInputs_throwsException()" classname="ch.uzh.ifi.hase.soprafs24.service.UserServiceIntegrationTest" time="0.013"/>
  <system-out><![CDATA[2025-04-22 15:04:33.270  INFO 572828 --- [    Test worker] .b.t.c.SpringBootTestContextBootstrapper : Neither @ContextConfiguration nor @ContextHierarchy found for test class [ch.uzh.ifi.hase.soprafs24.service.UserServiceIntegrationTest], using SpringBootContextLoader
2025-04-22 15:04:33.271  INFO 572828 --- [    Test worker] o.s.t.c.support.AbstractContextLoader    : Could not detect default resource locations for test class [ch.uzh.ifi.hase.soprafs24.service.UserServiceIntegrationTest]: no resource found for suffixes {-context.xml, Context.groovy}.
2025-04-22 15:04:33.271  INFO 572828 --- [    Test worker] t.c.s.AnnotationConfigContextLoaderUtils : Could not detect default configuration classes for test class [ch.uzh.ifi.hase.soprafs24.service.UserServiceIntegrationTest]: UserServiceIntegrationTest does not declare any static, non-private, non-final, nested classes annotated with @Configuration.
2025-04-22 15:04:33.278  INFO 572828 --- [    Test worker] .b.t.c.SpringBootTestContextBootstrapper : Found @SpringBootConfiguration ch.uzh.ifi.hase.soprafs24.Application for test class ch.uzh.ifi.hase.soprafs24.service.UserServiceIntegrationTest
2025-04-22 15:04:33.282  INFO 572828 --- [    Test worker] .b.t.c.SpringBootTestContextBootstrapper : Loaded default TestExecutionListener class names from location [META-INF/spring.factories]: [org.springframework.boot.test.autoconfigure.restdocs.RestDocsTestExecutionListener, org.springframework.boot.test.autoconfigure.web.client.MockRestServiceServerResetTestExecutionListener, org.springframework.boot.test.autoconfigure.web.servlet.MockMvcPrintOnlyOnFailureTestExecutionListener, org.springframework.boot.test.autoconfigure.web.servlet.WebDriverTestExecutionListener, org.springframework.boot.test.autoconfigure.webservices.client.MockWebServiceServerTestExecutionListener, org.springframework.boot.test.mock.mockito.MockitoTestExecutionListener, org.springframework.boot.test.mock.mockito.ResetMocksTestExecutionListener, org.springframework.test.context.web.ServletTestExecutionListener, org.springframework.test.context.support.DirtiesContextBeforeModesTestExecutionListener, org.springframework.test.context.event.ApplicationEventsTestExecutionListener, org.springframework.test.context.support.DependencyInjectionTestExecutionListener, org.springframework.test.context.support.DirtiesContextTestExecutionListener, org.springframework.test.context.transaction.TransactionalTestExecutionListener, org.springframework.test.context.jdbc.SqlScriptsTestExecutionListener, org.springframework.test.context.event.EventPublishingTestExecutionListener]
2025-04-22 15:04:33.283  INFO 572828 --- [    Test worker] .b.t.c.SpringBootTestContextBootstrapper : Using TestExecutionListeners: [org.springframework.test.context.web.ServletTestExecutionListener@4b186d43, org.springframework.test.context.support.DirtiesContextBeforeModesTestExecutionListener@6a2b5981, org.springframework.test.context.event.ApplicationEventsTestExecutionListener@2a02cecb, org.springframework.boot.test.mock.mockito.MockitoTestExecutionListener@1d4efc25, org.springframework.boot.test.autoconfigure.SpringBootDependencyInjectionTestExecutionListener@15b4e8ba, org.springframework.test.context.support.DirtiesContextTestExecutionListener@25e35cdc, org.springframework.test.context.transaction.TransactionalTestExecutionListener@192baa3d, org.springframework.test.context.jdbc.SqlScriptsTestExecutionListener@736ed2e9, org.springframework.test.context.event.EventPublishingTestExecutionListener@412d0506, org.springframework.boot.test.autoconfigure.restdocs.RestDocsTestExecutionListener@7e97b443, org.springframework.boot.test.autoconfigure.web.client.MockRestServiceServerResetTestExecutionListener@3aa993ee, org.springframework.boot.test.autoconfigure.web.servlet.MockMvcPrintOnlyOnFailureTestExecutionListener@3fd5e7c8, org.springframework.boot.test.autoconfigure.web.servlet.WebDriverTestExecutionListener@16f9d001, org.springframework.boot.test.autoconfigure.webservices.client.MockWebServiceServerTestExecutionListener@558f4b31, org.springframework.boot.test.mock.mockito.ResetMocksTestExecutionListener@234f948d]

  .   ____          _            __ _ _
 /\\ / ___'_ __ _ _(_)_ __  __ _ \ \ \ \
( ( )\___ | '_ | '_| | '_ \/ _` | \ \ \ \
 \\/  ___)| |_)| | | | | || (_| |  ) ) ) )
  '  |____| .__|_| |_|_| |_\__, | / / / /
 =========|_|==============|___/=/_/_/_/
 :: Spring Boot ::               (v2.4.13)

2025-04-22 15:04:33.308  INFO 572828 --- [    Test worker] c.u.i.h.s.s.UserServiceIntegrationTest   : Starting UserServiceIntegrationTest using Java 17.0.13 on rohit-precision with PID 572828 (started by root in /root/mapmaster/week3-server)
2025-04-22 15:04:33.309  INFO 572828 --- [    Test worker] c.u.i.h.s.s.UserServiceIntegrationTest   : No active profile set, falling back to default profiles: default
2025-04-22 15:04:33.643  INFO 572828 --- [    Test worker] .s.d.r.c.RepositoryConfigurationDelegate : Bootstrapping Spring Data JPA repositories in DEFAULT mode.
2025-04-22 15:04:33.660  INFO 572828 --- [    Test worker] .s.d.r.c.RepositoryConfigurationDelegate : Finished Spring Data repository scanning in 15 ms. Found 4 JPA repository interfaces.
2025-04-22 15:04:33.958  INFO 572828 --- [    Test worker] com.zaxxer.hikari.HikariDataSource       : HikariPool-1 - Starting...
2025-04-22 15:04:33.985  INFO 572828 --- [    Test worker] com.zaxxer.hikari.HikariDataSource       : HikariPool-1 - Start completed.
2025-04-22 15:04:34.008  INFO 572828 --- [    Test worker] o.hibernate.jpa.internal.util.LogHelper  : HHH000204: Processing PersistenceUnitInfo [name: default]
2025-04-22 15:04:34.012  INFO 572828 --- [    Test worker] org.hibernate.dialect.Dialect            : HHH000400: Using dialect: org.hibernate.dialect.H2Dialect
2025-04-22 15:04:34.150  INFO 572828 --- [    Test worker] o.h.e.t.j.p.i.JtaPlatformInitiator       : HHH000490: Using JtaPlatform implementation: [org.hibernate.engine.transaction.jta.platform.internal.NoJtaPlatform]
2025-04-22 15:04:34.150  INFO 572828 --- [    Test worker] j.LocalContainerEntityManagerFactoryBean : Initialized JPA EntityManagerFactory for persistence unit 'default'
2025-04-22 15:04:34.673  WARN 572828 --- [    Test worker] JpaBaseConfiguration$JpaWebConfiguration : spring.jpa.open-in-view is enabled by default. Therefore, database queries may be performed during view rendering. Explicitly configure spring.jpa.open-in-view to disable this warning
2025-04-22 15:04:34.926  INFO 572828 --- [    Test worker] o.s.b.a.h2.H2ConsoleAutoConfiguration    : H2 console available at '/h2-console'. Database available at 'jdbc:h2:mem:testdb'
2025-04-22 15:04:35.603  INFO 572828 --- [    Test worker] o.s.m.s.b.SimpleBrokerMessageHandler     : Starting...
2025-04-22 15:04:35.603  INFO 572828 --- [    Test worker] o.s.m.s.b.SimpleBrokerMessageHandler     : BrokerAvailabilityEvent[available=true, SimpleBrokerMessageHandler [org.springframework.messaging.simp.broker.DefaultSubscriptionRegistry@31bd941b]]
2025-04-22 15:04:35.604  INFO 572828 --- [    Test worker] o.s.m.s.b.SimpleBrokerMessageHandler     : Started.
2025-04-22 15:04:35.608  INFO 572828 --- [    Test worker] c.u.i.h.s.s.UserServiceIntegrationTest   : Started UserServiceIntegrationTest in 2.323 seconds (JVM running for 12.174)
Preloading hints...
Cache preloaded with 10 hints
Preloading hints done! Cache size: 10
]]></system-out>
  <system-err><![CDATA[]]></system-err>
</testsuite>
