<?xml version="1.0" encoding="UTF-8"?>
<testsuite name="ch.uzh.ifi.hase.soprafs24.controller.GameControllerTest" tests="14" skipped="0" failures="0" errors="0" timestamp="2025-04-22T12:35:09" hostname="rohit-precision" time="0.716">
  <properties/>
  <testcase name="joinGame_validRequest_success()" classname="ch.uzh.ifi.hase.soprafs24.controller.GameControllerTest" time="0.334"/>
  <testcase name="getHint_validRequest_success()" classname="ch.uzh.ifi.hase.soprafs24.controller.GameControllerTest" time="0.02"/>
  <testcase name="getGameReady_validId_success()" classname="ch.uzh.ifi.hase.soprafs24.controller.GameControllerTest" time="0.035"/>
  <testcase name="getGameResult_oneVsOne_success()" classname="ch.uzh.ifi.hase.soprafs24.controller.GameControllerTest" time="0.039"/>
  <testcase name="getScoreboard_validRequest_success()" classname="ch.uzh.ifi.hase.soprafs24.controller.GameControllerTest" time="0.018"/>
  <testcase name="playerForfeit_validRequest_success()" classname="ch.uzh.ifi.hase.soprafs24.controller.GameControllerTest" time="0.019"/>
  <testcase name="getGameResult_soloMode_success()" classname="ch.uzh.ifi.hase.soprafs24.controller.GameControllerTest" time="0.041"/>
  <testcase name="getGameResult_teamVsTeam_success()" classname="ch.uzh.ifi.hase.soprafs24.controller.GameControllerTest" time="0.019"/>
  <testcase name="skipQuestion_validRequest_success()" classname="ch.uzh.ifi.hase.soprafs24.controller.GameControllerTest" time="0.011"/>
  <testcase name="createGame_validInput_success()" classname="ch.uzh.ifi.hase.soprafs24.controller.GameControllerTest" time="0.041"/>
  <testcase name="exitGame_validRequest_success()" classname="ch.uzh.ifi.hase.soprafs24.controller.GameControllerTest" time="0.009"/>
  <testcase name="answerProcessing_validRequest_success()" classname="ch.uzh.ifi.hase.soprafs24.controller.GameControllerTest" time="0.031"/>
  <testcase name="startGame_validRequest_success()" classname="ch.uzh.ifi.hase.soprafs24.controller.GameControllerTest" time="0.025"/>
  <testcase name="getGameLobby_success()" classname="ch.uzh.ifi.hase.soprafs24.controller.GameControllerTest" time="0.018"/>
  <system-out><![CDATA[14:35:05.141 [Test worker] DEBUG org.springframework.test.context.BootstrapUtils - Instantiating CacheAwareContextLoaderDelegate from class [org.springframework.test.context.cache.DefaultCacheAwareContextLoaderDelegate]
14:35:05.180 [Test worker] DEBUG org.springframework.test.context.BootstrapUtils - Instantiating BootstrapContext using constructor [public org.springframework.test.context.support.DefaultBootstrapContext(java.lang.Class,org.springframework.test.context.CacheAwareContextLoaderDelegate)]
14:35:05.296 [Test worker] DEBUG org.springframework.test.context.BootstrapUtils - Instantiating TestContextBootstrapper for test class [ch.uzh.ifi.hase.soprafs24.controller.GameControllerTest] from class [org.springframework.boot.test.autoconfigure.web.servlet.WebMvcTestContextBootstrapper]
14:35:05.326 [Test worker] INFO org.springframework.boot.test.autoconfigure.web.servlet.WebMvcTestContextBootstrapper - Neither @ContextConfiguration nor @ContextHierarchy found for test class [ch.uzh.ifi.hase.soprafs24.controller.GameControllerTest], using SpringBootContextLoader
14:35:05.338 [Test worker] DEBUG org.springframework.test.context.support.AbstractContextLoader - Did not detect default resource location for test class [ch.uzh.ifi.hase.soprafs24.controller.GameControllerTest]: class path resource [ch/uzh/ifi/hase/soprafs24/controller/GameControllerTest-context.xml] does not exist
14:35:05.339 [Test worker] DEBUG org.springframework.test.context.support.AbstractContextLoader - Did not detect default resource location for test class [ch.uzh.ifi.hase.soprafs24.controller.GameControllerTest]: class path resource [ch/uzh/ifi/hase/soprafs24/controller/GameControllerTestContext.groovy] does not exist
14:35:05.339 [Test worker] INFO org.springframework.test.context.support.AbstractContextLoader - Could not detect default resource locations for test class [ch.uzh.ifi.hase.soprafs24.controller.GameControllerTest]: no resource found for suffixes {-context.xml, Context.groovy}.
14:35:05.341 [Test worker] INFO org.springframework.test.context.support.AnnotationConfigContextLoaderUtils - Could not detect default configuration classes for test class [ch.uzh.ifi.hase.soprafs24.controller.GameControllerTest]: GameControllerTest does not declare any static, non-private, non-final, nested classes annotated with @Configuration.
14:35:05.448 [Test worker] DEBUG org.springframework.test.context.support.ActiveProfilesUtils - Could not find an 'annotation declaring class' for annotation type [org.springframework.test.context.ActiveProfiles] and class [ch.uzh.ifi.hase.soprafs24.controller.GameControllerTest]
14:35:05.556 [Test worker] DEBUG org.springframework.context.annotation.ClassPathScanningCandidateComponentProvider - Identified candidate component class: file [/root/mapmaster/week3-server/build/classes/java/main/ch/uzh/ifi/hase/soprafs24/Application.class]
14:35:05.557 [Test worker] INFO org.springframework.boot.test.context.SpringBootTestContextBootstrapper - Found @SpringBootConfiguration ch.uzh.ifi.hase.soprafs24.Application for test class ch.uzh.ifi.hase.soprafs24.controller.GameControllerTest
14:35:05.562 [Test worker] DEBUG org.springframework.boot.test.autoconfigure.web.servlet.WebMvcTestContextBootstrapper - @TestExecutionListeners is not present for class [ch.uzh.ifi.hase.soprafs24.controller.GameControllerTest]: using defaults.
14:35:05.562 [Test worker] INFO org.springframework.boot.test.autoconfigure.web.servlet.WebMvcTestContextBootstrapper - Loaded default TestExecutionListener class names from location [META-INF/spring.factories]: [org.springframework.boot.test.autoconfigure.restdocs.RestDocsTestExecutionListener, org.springframework.boot.test.autoconfigure.web.client.MockRestServiceServerResetTestExecutionListener, org.springframework.boot.test.autoconfigure.web.servlet.MockMvcPrintOnlyOnFailureTestExecutionListener, org.springframework.boot.test.autoconfigure.web.servlet.WebDriverTestExecutionListener, org.springframework.boot.test.autoconfigure.webservices.client.MockWebServiceServerTestExecutionListener, org.springframework.boot.test.mock.mockito.MockitoTestExecutionListener, org.springframework.boot.test.mock.mockito.ResetMocksTestExecutionListener, org.springframework.test.context.web.ServletTestExecutionListener, org.springframework.test.context.support.DirtiesContextBeforeModesTestExecutionListener, org.springframework.test.context.event.ApplicationEventsTestExecutionListener, org.springframework.test.context.support.DependencyInjectionTestExecutionListener, org.springframework.test.context.support.DirtiesContextTestExecutionListener, org.springframework.test.context.transaction.TransactionalTestExecutionListener, org.springframework.test.context.jdbc.SqlScriptsTestExecutionListener, org.springframework.test.context.event.EventPublishingTestExecutionListener]
14:35:05.592 [Test worker] INFO org.springframework.boot.test.autoconfigure.web.servlet.WebMvcTestContextBootstrapper - Using TestExecutionListeners: [org.springframework.test.context.web.ServletTestExecutionListener@7a3e5cd3, org.springframework.test.context.support.DirtiesContextBeforeModesTestExecutionListener@3c79088e, org.springframework.test.context.event.ApplicationEventsTestExecutionListener@4a37191a, org.springframework.boot.test.mock.mockito.MockitoTestExecutionListener@5854a18, org.springframework.boot.test.autoconfigure.SpringBootDependencyInjectionTestExecutionListener@d5556bf, org.springframework.test.context.support.DirtiesContextTestExecutionListener@791c12e3, org.springframework.test.context.transaction.TransactionalTestExecutionListener@b112b13, org.springframework.test.context.jdbc.SqlScriptsTestExecutionListener@24eb65e3, org.springframework.test.context.event.EventPublishingTestExecutionListener@3ac3f6f, org.springframework.boot.test.autoconfigure.restdocs.RestDocsTestExecutionListener@1abebef3, org.springframework.boot.test.autoconfigure.web.client.MockRestServiceServerResetTestExecutionListener@18f55704, org.springframework.boot.test.autoconfigure.web.servlet.MockMvcPrintOnlyOnFailureTestExecutionListener@67cefd84, org.springframework.boot.test.autoconfigure.web.servlet.WebDriverTestExecutionListener@5fbe155, org.springframework.boot.test.autoconfigure.webservices.client.MockWebServiceServerTestExecutionListener@6add8e3f, org.springframework.boot.test.mock.mockito.ResetMocksTestExecutionListener@58a2b917]
14:35:05.598 [Test worker] DEBUG org.springframework.test.context.support.AbstractDirtiesContextTestExecutionListener - Before test class: context [DefaultTestContext@4317850d testClass = GameControllerTest, testInstance = [null], testMethod = [null], testException = [null], mergedContextConfiguration = [WebMergedContextConfiguration@7e4c72d6 testClass = GameControllerTest, locations = '{}', classes = '{class ch.uzh.ifi.hase.soprafs24.Application}', contextInitializerClasses = '[]', activeProfiles = '{}', propertySourceLocations = '{}', propertySourceProperties = '{org.springframework.boot.test.autoconfigure.web.servlet.WebMvcTestContextBootstrapper=true}', contextCustomizers = set[org.springframework.boot.test.autoconfigure.OverrideAutoConfigurationContextCustomizerFactory$DisableAutoConfigurationContextCustomizer@497aec8c, org.springframework.boot.test.autoconfigure.actuate.metrics.MetricsExportContextCustomizerFactory$DisableMetricExportContextCustomizer@35e8316e, org.springframework.boot.test.autoconfigure.filter.TypeExcludeFiltersContextCustomizer@aab06e48, org.springframework.boot.test.autoconfigure.properties.PropertyMappingContextCustomizer@267778ec, org.springframework.boot.test.autoconfigure.web.servlet.WebDriverContextCustomizerFactory$Customizer@131ff6fa, [ImportsContextCustomizer@6cd64b3f key = [org.springframework.boot.autoconfigure.cache.CacheAutoConfiguration, org.springframework.boot.autoconfigure.context.MessageSourceAutoConfiguration, org.springframework.boot.autoconfigure.data.web.SpringDataWebAutoConfiguration, org.springframework.boot.autoconfigure.freemarker.FreeMarkerAutoConfiguration, org.springframework.boot.autoconfigure.groovy.template.GroovyTemplateAutoConfiguration, org.springframework.boot.autoconfigure.gson.GsonAutoConfiguration, org.springframework.boot.autoconfigure.hateoas.HypermediaAutoConfiguration, org.springframework.boot.autoconfigure.http.HttpMessageConvertersAutoConfiguration, org.springframework.boot.autoconfigure.jackson.JacksonAutoConfiguration, org.springframework.boot.autoconfigure.jsonb.JsonbAutoConfiguration, org.springframework.boot.autoconfigure.mustache.MustacheAutoConfiguration, org.springframework.boot.autoconfigure.task.TaskExecutionAutoConfiguration, org.springframework.boot.autoconfigure.thymeleaf.ThymeleafAutoConfiguration, org.springframework.boot.autoconfigure.validation.ValidationAutoConfiguration, org.springframework.boot.autoconfigure.web.servlet.error.ErrorMvcAutoConfiguration, org.springframework.boot.autoconfigure.web.servlet.HttpEncodingAutoConfiguration, org.springframework.boot.autoconfigure.web.servlet.WebMvcAutoConfiguration, org.springframework.boot.test.autoconfigure.web.servlet.MockMvcAutoConfiguration, org.springframework.boot.test.autoconfigure.web.servlet.MockMvcWebClientAutoConfiguration, org.springframework.boot.test.autoconfigure.web.servlet.MockMvcWebDriverAutoConfiguration, org.springframework.boot.autoconfigure.security.oauth2.client.servlet.OAuth2ClientAutoConfiguration, org.springframework.boot.autoconfigure.security.oauth2.resource.servlet.OAuth2ResourceServerAutoConfiguration, org.springframework.boot.autoconfigure.security.servlet.SecurityAutoConfiguration, org.springframework.boot.autoconfigure.security.servlet.SecurityFilterAutoConfiguration, org.springframework.boot.autoconfigure.security.servlet.UserDetailsServiceAutoConfiguration, org.springframework.boot.test.autoconfigure.web.servlet.MockMvcSecurityConfiguration]], org.springframework.boot.test.context.filter.ExcludeFilterContextCustomizer@55259aa7, org.springframework.boot.test.json.DuplicateJsonObjectContextCustomizerFactory$DuplicateJsonObjectContextCustomizer@6cd56321, org.springframework.boot.test.mock.mockito.MockitoContextCustomizer@2b96bd82, org.springframework.boot.test.context.SpringBootTestArgs@1, org.springframework.boot.test.context.SpringBootTestWebEnvironment@0], resourceBasePath = 'src/main/webapp', contextLoader = 'org.springframework.boot.test.context.SpringBootContextLoader', parent = [null]], attributes = map[[empty]]], class annotated with @DirtiesContext [false] with mode [null].
14:35:05.665 [Test worker] DEBUG org.springframework.test.context.support.TestPropertySourceUtils - Adding inlined properties to environment: {spring.jmx.enabled=false, org.springframework.boot.test.autoconfigure.web.servlet.WebMvcTestContextBootstrapper=true}

  .   ____          _            __ _ _
 /\\ / ___'_ __ _ _(_)_ __  __ _ \ \ \ \
( ( )\___ | '_ | '_| | '_ \/ _` | \ \ \ \
 \\/  ___)| |_)| | | | | || (_| |  ) ) ) )
  '  |____| .__|_| |_|_| |_\__, | / / / /
 =========|_|==============|___/=/_/_/_/
 :: Spring Boot ::               (v2.4.13)

2025-04-22 14:35:06.335  INFO 554334 --- [    Test worker] c.u.i.h.s.controller.GameControllerTest  : Starting GameControllerTest using Java 17.0.13 on rohit-precision with PID 554334 (started by root in /root/mapmaster/week3-server)
2025-04-22 14:35:06.339  INFO 554334 --- [    Test worker] c.u.i.h.s.controller.GameControllerTest  : No active profile set, falling back to default profiles: default
2025-04-22 14:35:09.539  INFO 554334 --- [    Test worker] o.s.b.t.m.w.SpringBootMockServletContext : Initializing Spring TestDispatcherServlet ''
2025-04-22 14:35:09.540  INFO 554334 --- [    Test worker] o.s.t.web.servlet.TestDispatcherServlet  : Initializing Servlet ''
2025-04-22 14:35:09.542  INFO 554334 --- [    Test worker] o.s.t.web.servlet.TestDispatcherServlet  : Completed initialization in 2 ms
2025-04-22 14:35:09.576  INFO 554334 --- [    Test worker] c.u.i.h.s.controller.GameControllerTest  : Started GameControllerTest in 3.895 seconds (JVM running for 6.031)
]]></system-out>
  <system-err><![CDATA[]]></system-err>
</testsuite>
