<?xml version="1.0" encoding="UTF-8"?>
<testsuite name="ch.uzh.ifi.hase.soprafs24.controller.UserControllerTest" tests="16" skipped="0" failures="0" errors="0" timestamp="2025-04-22T12:35:11" hostname="rohit-precision" time="0.213">
  <properties/>
  <testcase name="givenUsers_whenGetUsers_thenReturnJsonArray()" classname="ch.uzh.ifi.hase.soprafs24.controller.UserControllerTest" time="0.026"/>
  <testcase name="createUser_validInput_userCreated()" classname="ch.uzh.ifi.hase.soprafs24.controller.UserControllerTest" time="0.016"/>
  <testcase name="logout_invalidToken_throwsException()" classname="ch.uzh.ifi.hase.soprafs24.controller.UserControllerTest" time="0.013"/>
  <testcase name="userAuthenticate_invalidToken_throwsException()" classname="ch.uzh.ifi.hase.soprafs24.controller.UserControllerTest" time="0.009"/>
  <testcase name="logout_validToken_success()" classname="ch.uzh.ifi.hase.soprafs24.controller.UserControllerTest" time="0.011"/>
  <testcase name="changePassword_validToken_success()" classname="ch.uzh.ifi.hase.soprafs24.controller.UserControllerTest" time="0.012"/>
  <testcase name="login_invalidCredentials_throwsUnauthorized()" classname="ch.uzh.ifi.hase.soprafs24.controller.UserControllerTest" time="0.01"/>
  <testcase name="changePassword_invalidToken_throwsException()" classname="ch.uzh.ifi.hase.soprafs24.controller.UserControllerTest" time="0.01"/>
  <testcase name="getUserProfile_userNotFound_throwsException()" classname="ch.uzh.ifi.hase.soprafs24.controller.UserControllerTest" time="0.009"/>
  <testcase name="userAuthenticate_validToken_success()" classname="ch.uzh.ifi.hase.soprafs24.controller.UserControllerTest" time="0.01"/>
  <testcase name="updateUserProfile_duplicateUsername_throwsException()" classname="ch.uzh.ifi.hase.soprafs24.controller.UserControllerTest" time="0.011"/>
  <testcase name="updateUserProfile_emptyUsername_throwsException()" classname="ch.uzh.ifi.hase.soprafs24.controller.UserControllerTest" time="0.009"/>
  <testcase name="getUserProfile_validId_success()" classname="ch.uzh.ifi.hase.soprafs24.controller.UserControllerTest" time="0.008"/>
  <testcase name="updateUserProfile_validInput_success()" classname="ch.uzh.ifi.hase.soprafs24.controller.UserControllerTest" time="0.008"/>
  <testcase name="updateUserProfile_invalidAvatar_throwsException()" classname="ch.uzh.ifi.hase.soprafs24.controller.UserControllerTest" time="0.006"/>
  <testcase name="login_validCredentials_success()" classname="ch.uzh.ifi.hase.soprafs24.controller.UserControllerTest" time="0.007"/>
  <system-out><![CDATA[2025-04-22 14:35:10.318  INFO 554334 --- [    Test worker] .b.t.a.w.s.WebMvcTestContextBootstrapper : Neither @ContextConfiguration nor @ContextHierarchy found for test class [ch.uzh.ifi.hase.soprafs24.controller.UserControllerTest], using SpringBootContextLoader
2025-04-22 14:35:10.322  INFO 554334 --- [    Test worker] o.s.t.c.support.AbstractContextLoader    : Could not detect default resource locations for test class [ch.uzh.ifi.hase.soprafs24.controller.UserControllerTest]: no resource found for suffixes {-context.xml, Context.groovy}.
2025-04-22 14:35:10.323  INFO 554334 --- [    Test worker] t.c.s.AnnotationConfigContextLoaderUtils : Could not detect default configuration classes for test class [ch.uzh.ifi.hase.soprafs24.controller.UserControllerTest]: UserControllerTest does not declare any static, non-private, non-final, nested classes annotated with @Configuration.
2025-04-22 14:35:10.329  INFO 554334 --- [    Test worker] .b.t.c.SpringBootTestContextBootstrapper : Found @SpringBootConfiguration ch.uzh.ifi.hase.soprafs24.Application for test class ch.uzh.ifi.hase.soprafs24.controller.UserControllerTest
2025-04-22 14:35:10.332  INFO 554334 --- [    Test worker] .b.t.a.w.s.WebMvcTestContextBootstrapper : Loaded default TestExecutionListener class names from location [META-INF/spring.factories]: [org.springframework.boot.test.autoconfigure.restdocs.RestDocsTestExecutionListener, org.springframework.boot.test.autoconfigure.web.client.MockRestServiceServerResetTestExecutionListener, org.springframework.boot.test.autoconfigure.web.servlet.MockMvcPrintOnlyOnFailureTestExecutionListener, org.springframework.boot.test.autoconfigure.web.servlet.WebDriverTestExecutionListener, org.springframework.boot.test.autoconfigure.webservices.client.MockWebServiceServerTestExecutionListener, org.springframework.boot.test.mock.mockito.MockitoTestExecutionListener, org.springframework.boot.test.mock.mockito.ResetMocksTestExecutionListener, org.springframework.test.context.web.ServletTestExecutionListener, org.springframework.test.context.support.DirtiesContextBeforeModesTestExecutionListener, org.springframework.test.context.event.ApplicationEventsTestExecutionListener, org.springframework.test.context.support.DependencyInjectionTestExecutionListener, org.springframework.test.context.support.DirtiesContextTestExecutionListener, org.springframework.test.context.transaction.TransactionalTestExecutionListener, org.springframework.test.context.jdbc.SqlScriptsTestExecutionListener, org.springframework.test.context.event.EventPublishingTestExecutionListener]
2025-04-22 14:35:10.334  INFO 554334 --- [    Test worker] .b.t.a.w.s.WebMvcTestContextBootstrapper : Using TestExecutionListeners: [org.springframework.test.context.web.ServletTestExecutionListener@201ac0ef, org.springframework.test.context.support.DirtiesContextBeforeModesTestExecutionListener@70a8d2e1, org.springframework.test.context.event.ApplicationEventsTestExecutionListener@12a9889e, org.springframework.boot.test.mock.mockito.MockitoTestExecutionListener@5fcc792f, org.springframework.boot.test.autoconfigure.SpringBootDependencyInjectionTestExecutionListener@2927d781, org.springframework.test.context.support.DirtiesContextTestExecutionListener@1fae279e, org.springframework.test.context.transaction.TransactionalTestExecutionListener@411db18d, org.springframework.test.context.jdbc.SqlScriptsTestExecutionListener@7d24bd80, org.springframework.test.context.event.EventPublishingTestExecutionListener@6a28f67a, org.springframework.boot.test.autoconfigure.restdocs.RestDocsTestExecutionListener@4d4ae76, org.springframework.boot.test.autoconfigure.web.client.MockRestServiceServerResetTestExecutionListener@28e9f6b8, org.springframework.boot.test.autoconfigure.web.servlet.MockMvcPrintOnlyOnFailureTestExecutionListener@70798698, org.springframework.boot.test.autoconfigure.web.servlet.WebDriverTestExecutionListener@5d4f35cb, org.springframework.boot.test.autoconfigure.webservices.client.MockWebServiceServerTestExecutionListener@7cc9970a, org.springframework.boot.test.mock.mockito.ResetMocksTestExecutionListener@1bf2e21d]

  .   ____          _            __ _ _
 /\\ / ___'_ __ _ _(_)_ __  __ _ \ \ \ \
( ( )\___ | '_ | '_| | '_ \/ _` | \ \ \ \
 \\/  ___)| |_)| | | | | || (_| |  ) ) ) )
  '  |____| .__|_| |_|_| |_\__, | / / / /
 =========|_|==============|___/=/_/_/_/
 :: Spring Boot ::               (v2.4.13)

2025-04-22 14:35:10.408  INFO 554334 --- [    Test worker] c.u.i.h.s.controller.UserControllerTest  : Starting UserControllerTest using Java 17.0.13 on rohit-precision with PID 554334 (started by root in /root/mapmaster/week3-server)
2025-04-22 14:35:10.410  INFO 554334 --- [    Test worker] c.u.i.h.s.controller.UserControllerTest  : No active profile set, falling back to default profiles: default
2025-04-22 14:35:11.124  INFO 554334 --- [    Test worker] o.s.b.t.m.w.SpringBootMockServletContext : Initializing Spring TestDispatcherServlet ''
2025-04-22 14:35:11.125  INFO 554334 --- [    Test worker] o.s.t.web.servlet.TestDispatcherServlet  : Initializing Servlet ''
2025-04-22 14:35:11.126  INFO 554334 --- [    Test worker] o.s.t.web.servlet.TestDispatcherServlet  : Completed initialization in 1 ms
2025-04-22 14:35:11.139  INFO 554334 --- [    Test worker] c.u.i.h.s.controller.UserControllerTest  : Started UserControllerTest in 0.799 seconds (JVM running for 7.595)
]]></system-out>
  <system-err><![CDATA[]]></system-err>
</testsuite>
