<?xml version="1.0" encoding="UTF-8"?>
<testsuite name="ch.uzh.ifi.hase.soprafs24.controller.GameControllerTest" tests="14" skipped="0" failures="0" errors="0" timestamp="2025-04-22T13:04:28" hostname="rohit-precision" time="0.453">
  <properties/>
  <testcase name="joinGame_validRequest_success()" classname="ch.uzh.ifi.hase.soprafs24.controller.GameControllerTest" time="0.291"/>
  <testcase name="getHint_validRequest_success()" classname="ch.uzh.ifi.hase.soprafs24.controller.GameControllerTest" time="0.012"/>
  <testcase name="getGameReady_validId_success()" classname="ch.uzh.ifi.hase.soprafs24.controller.GameControllerTest" time="0.018"/>
  <testcase name="getGameResult_oneVsOne_success()" classname="ch.uzh.ifi.hase.soprafs24.controller.GameControllerTest" time="0.014"/>
  <testcase name="getScoreboard_validRequest_success()" classname="ch.uzh.ifi.hase.soprafs24.controller.GameControllerTest" time="0.007"/>
  <testcase name="playerForfeit_validRequest_success()" classname="ch.uzh.ifi.hase.soprafs24.controller.GameControllerTest" time="0.008"/>
  <testcase name="getGameResult_soloMode_success()" classname="ch.uzh.ifi.hase.soprafs24.controller.GameControllerTest" time="0.009"/>
  <testcase name="getGameResult_teamVsTeam_success()" classname="ch.uzh.ifi.hase.soprafs24.controller.GameControllerTest" time="0.009"/>
  <testcase name="skipQuestion_validRequest_success()" classname="ch.uzh.ifi.hase.soprafs24.controller.GameControllerTest" time="0.006"/>
  <testcase name="createGame_validInput_success()" classname="ch.uzh.ifi.hase.soprafs24.controller.GameControllerTest" time="0.019"/>
  <testcase name="exitGame_validRequest_success()" classname="ch.uzh.ifi.hase.soprafs24.controller.GameControllerTest" time="0.005"/>
  <testcase name="answerProcessing_validRequest_success()" classname="ch.uzh.ifi.hase.soprafs24.controller.GameControllerTest" time="0.014"/>
  <testcase name="startGame_validRequest_success()" classname="ch.uzh.ifi.hase.soprafs24.controller.GameControllerTest" time="0.008"/>
  <testcase name="getGameLobby_success()" classname="ch.uzh.ifi.hase.soprafs24.controller.GameControllerTest" time="0.007"/>
  <system-out><![CDATA[15:04:24.809 [Test worker] DEBUG org.springframework.test.context.BootstrapUtils - Instantiating CacheAwareContextLoaderDelegate from class [org.springframework.test.context.cache.DefaultCacheAwareContextLoaderDelegate]
15:04:24.830 [Test worker] DEBUG org.springframework.test.context.BootstrapUtils - Instantiating BootstrapContext using constructor [public org.springframework.test.context.support.DefaultBootstrapContext(java.lang.Class,org.springframework.test.context.CacheAwareContextLoaderDelegate)]
15:04:24.904 [Test worker] DEBUG org.springframework.test.context.BootstrapUtils - Instantiating TestContextBootstrapper for test class [ch.uzh.ifi.hase.soprafs24.controller.GameControllerTest] from class [org.springframework.boot.test.autoconfigure.web.servlet.WebMvcTestContextBootstrapper]
15:04:24.928 [Test worker] INFO org.springframework.boot.test.autoconfigure.web.servlet.WebMvcTestContextBootstrapper - Neither @ContextConfiguration nor @ContextHierarchy found for test class [ch.uzh.ifi.hase.soprafs24.controller.GameControllerTest], using SpringBootContextLoader
15:04:24.937 [Test worker] DEBUG org.springframework.test.context.support.AbstractContextLoader - Did not detect default resource location for test class [ch.uzh.ifi.hase.soprafs24.controller.GameControllerTest]: class path resource [ch/uzh/ifi/hase/soprafs24/controller/GameControllerTest-context.xml] does not exist
15:04:24.937 [Test worker] DEBUG org.springframework.test.context.support.AbstractContextLoader - Did not detect default resource location for test class [ch.uzh.ifi.hase.soprafs24.controller.GameControllerTest]: class path resource [ch/uzh/ifi/hase/soprafs24/controller/GameControllerTestContext.groovy] does not exist
15:04:24.938 [Test worker] INFO org.springframework.test.context.support.AbstractContextLoader - Could not detect default resource locations for test class [ch.uzh.ifi.hase.soprafs24.controller.GameControllerTest]: no resource found for suffixes {-context.xml, Context.groovy}.
15:04:24.939 [Test worker] INFO org.springframework.test.context.support.AnnotationConfigContextLoaderUtils - Could not detect default configuration classes for test class [ch.uzh.ifi.hase.soprafs24.controller.GameControllerTest]: GameControllerTest does not declare any static, non-private, non-final, nested classes annotated with @Configuration.
15:04:25.048 [Test worker] DEBUG org.springframework.test.context.support.ActiveProfilesUtils - Could not find an 'annotation declaring class' for annotation type [org.springframework.test.context.ActiveProfiles] and class [ch.uzh.ifi.hase.soprafs24.controller.GameControllerTest]
15:04:25.142 [Test worker] DEBUG org.springframework.context.annotation.ClassPathScanningCandidateComponentProvider - Identified candidate component class: file [/root/mapmaster/week3-server/build/classes/java/main/ch/uzh/ifi/hase/soprafs24/Application.class]
15:04:25.143 [Test worker] INFO org.springframework.boot.test.context.SpringBootTestContextBootstrapper - Found @SpringBootConfiguration ch.uzh.ifi.hase.soprafs24.Application for test class ch.uzh.ifi.hase.soprafs24.controller.GameControllerTest
15:04:25.148 [Test worker] DEBUG org.springframework.boot.test.autoconfigure.web.servlet.WebMvcTestContextBootstrapper - @TestExecutionListeners is not present for class [ch.uzh.ifi.hase.soprafs24.controller.GameControllerTest]: using defaults.
15:04:25.148 [Test worker] INFO org.springframework.boot.test.autoconfigure.web.servlet.WebMvcTestContextBootstrapper - Loaded default TestExecutionListener class names from location [META-INF/spring.factories]: [org.springframework.boot.test.autoconfigure.restdocs.RestDocsTestExecutionListener, org.springframework.boot.test.autoconfigure.web.client.MockRestServiceServerResetTestExecutionListener, org.springframework.boot.test.autoconfigure.web.servlet.MockMvcPrintOnlyOnFailureTestExecutionListener, org.springframework.boot.test.autoconfigure.web.servlet.WebDriverTestExecutionListener, org.springframework.boot.test.autoconfigure.webservices.client.MockWebServiceServerTestExecutionListener, org.springframework.boot.test.mock.mockito.MockitoTestExecutionListener, org.springframework.boot.test.mock.mockito.ResetMocksTestExecutionListener, org.springframework.test.context.web.ServletTestExecutionListener, org.springframework.test.context.support.DirtiesContextBeforeModesTestExecutionListener, org.springframework.test.context.event.ApplicationEventsTestExecutionListener, org.springframework.test.context.support.DependencyInjectionTestExecutionListener, org.springframework.test.context.support.DirtiesContextTestExecutionListener, org.springframework.test.context.transaction.TransactionalTestExecutionListener, org.springframework.test.context.jdbc.SqlScriptsTestExecutionListener, org.springframework.test.context.event.EventPublishingTestExecutionListener]
15:04:25.170 [Test worker] INFO org.springframework.boot.test.autoconfigure.web.servlet.WebMvcTestContextBootstrapper - Using TestExecutionListeners: [org.springframework.test.context.web.ServletTestExecutionListener@59b65dce, org.springframework.test.context.support.DirtiesContextBeforeModesTestExecutionListener@1386313f, org.springframework.test.context.event.ApplicationEventsTestExecutionListener@5e922647, org.springframework.boot.test.mock.mockito.MockitoTestExecutionListener@433c6abb, org.springframework.boot.test.autoconfigure.SpringBootDependencyInjectionTestExecutionListener@288f173f, org.springframework.test.context.support.DirtiesContextTestExecutionListener@a22c4d8, org.springframework.test.context.transaction.TransactionalTestExecutionListener@45cd7bc5, org.springframework.test.context.jdbc.SqlScriptsTestExecutionListener@6504a875, org.springframework.test.context.event.EventPublishingTestExecutionListener@35e26d05, org.springframework.boot.test.autoconfigure.restdocs.RestDocsTestExecutionListener@29fa6b65, org.springframework.boot.test.autoconfigure.web.client.MockRestServiceServerResetTestExecutionListener@7c72ecc, org.springframework.boot.test.autoconfigure.web.servlet.MockMvcPrintOnlyOnFailureTestExecutionListener@47406941, org.springframework.boot.test.autoconfigure.web.servlet.WebDriverTestExecutionListener@61ecbee9, org.springframework.boot.test.autoconfigure.webservices.client.MockWebServiceServerTestExecutionListener@1bb740f2, org.springframework.boot.test.mock.mockito.ResetMocksTestExecutionListener@2538bc06]
15:04:25.175 [Test worker] DEBUG org.springframework.test.context.support.AbstractDirtiesContextTestExecutionListener - Before test class: context [DefaultTestContext@2f3166a testClass = GameControllerTest, testInstance = [null], testMethod = [null], testException = [null], mergedContextConfiguration = [WebMergedContextConfiguration@37637a24 testClass = GameControllerTest, locations = '{}', classes = '{class ch.uzh.ifi.hase.soprafs24.Application}', contextInitializerClasses = '[]', activeProfiles = '{}', propertySourceLocations = '{}', propertySourceProperties = '{org.springframework.boot.test.autoconfigure.web.servlet.WebMvcTestContextBootstrapper=true}', contextCustomizers = set[org.springframework.boot.test.autoconfigure.OverrideAutoConfigurationContextCustomizerFactory$DisableAutoConfigurationContextCustomizer@24b4d544, org.springframework.boot.test.autoconfigure.actuate.metrics.MetricsExportContextCustomizerFactory$DisableMetricExportContextCustomizer@40e60ece, org.springframework.boot.test.autoconfigure.filter.TypeExcludeFiltersContextCustomizer@d6ef4a11, org.springframework.boot.test.autoconfigure.properties.PropertyMappingContextCustomizer@3f924641, org.springframework.boot.test.autoconfigure.web.servlet.WebDriverContextCustomizerFactory$Customizer@d8d9199, [ImportsContextCustomizer@31e76a8d key = [org.springframework.boot.autoconfigure.cache.CacheAutoConfiguration, org.springframework.boot.autoconfigure.context.MessageSourceAutoConfiguration, org.springframework.boot.autoconfigure.data.web.SpringDataWebAutoConfiguration, org.springframework.boot.autoconfigure.freemarker.FreeMarkerAutoConfiguration, org.springframework.boot.autoconfigure.groovy.template.GroovyTemplateAutoConfiguration, org.springframework.boot.autoconfigure.gson.GsonAutoConfiguration, org.springframework.boot.autoconfigure.hateoas.HypermediaAutoConfiguration, org.springframework.boot.autoconfigure.http.HttpMessageConvertersAutoConfiguration, org.springframework.boot.autoconfigure.jackson.JacksonAutoConfiguration, org.springframework.boot.autoconfigure.jsonb.JsonbAutoConfiguration, org.springframework.boot.autoconfigure.mustache.MustacheAutoConfiguration, org.springframework.boot.autoconfigure.task.TaskExecutionAutoConfiguration, org.springframework.boot.autoconfigure.thymeleaf.ThymeleafAutoConfiguration, org.springframework.boot.autoconfigure.validation.ValidationAutoConfiguration, org.springframework.boot.autoconfigure.web.servlet.error.ErrorMvcAutoConfiguration, org.springframework.boot.autoconfigure.web.servlet.HttpEncodingAutoConfiguration, org.springframework.boot.autoconfigure.web.servlet.WebMvcAutoConfiguration, org.springframework.boot.test.autoconfigure.web.servlet.MockMvcAutoConfiguration, org.springframework.boot.test.autoconfigure.web.servlet.MockMvcWebClientAutoConfiguration, org.springframework.boot.test.autoconfigure.web.servlet.MockMvcWebDriverAutoConfiguration, org.springframework.boot.autoconfigure.security.oauth2.client.servlet.OAuth2ClientAutoConfiguration, org.springframework.boot.autoconfigure.security.oauth2.resource.servlet.OAuth2ResourceServerAutoConfiguration, org.springframework.boot.autoconfigure.security.servlet.SecurityAutoConfiguration, org.springframework.boot.autoconfigure.security.servlet.SecurityFilterAutoConfiguration, org.springframework.boot.autoconfigure.security.servlet.UserDetailsServiceAutoConfiguration, org.springframework.boot.test.autoconfigure.web.servlet.MockMvcSecurityConfiguration]], org.springframework.boot.test.context.filter.ExcludeFilterContextCustomizer@242a209e, org.springframework.boot.test.json.DuplicateJsonObjectContextCustomizerFactory$DuplicateJsonObjectContextCustomizer@39c385d6, org.springframework.boot.test.mock.mockito.MockitoContextCustomizer@d815b388, org.springframework.boot.test.context.SpringBootTestArgs@1, org.springframework.boot.test.context.SpringBootTestWebEnvironment@0], resourceBasePath = 'src/main/webapp', contextLoader = 'org.springframework.boot.test.context.SpringBootContextLoader', parent = [null]], attributes = map[[empty]]], class annotated with @DirtiesContext [false] with mode [null].
15:04:25.237 [Test worker] DEBUG org.springframework.test.context.support.TestPropertySourceUtils - Adding inlined properties to environment: {spring.jmx.enabled=false, org.springframework.boot.test.autoconfigure.web.servlet.WebMvcTestContextBootstrapper=true}

  .   ____          _            __ _ _
 /\\ / ___'_ __ _ _(_)_ __  __ _ \ \ \ \
( ( )\___ | '_ | '_| | '_ \/ _` | \ \ \ \
 \\/  ___)| |_)| | | | | || (_| |  ) ) ) )
  '  |____| .__|_| |_|_| |_\__, | / / / /
 =========|_|==============|___/=/_/_/_/
 :: Spring Boot ::               (v2.4.13)

2025-04-22 15:04:25.830  INFO 572828 --- [    Test worker] c.u.i.h.s.controller.GameControllerTest  : Starting GameControllerTest using Java 17.0.13 on rohit-precision with PID 572828 (started by root in /root/mapmaster/week3-server)
2025-04-22 15:04:25.836  INFO 572828 --- [    Test worker] c.u.i.h.s.controller.GameControllerTest  : No active profile set, falling back to default profiles: default
2025-04-22 15:04:28.770  INFO 572828 --- [    Test worker] o.s.b.t.m.w.SpringBootMockServletContext : Initializing Spring TestDispatcherServlet ''
2025-04-22 15:04:28.771  INFO 572828 --- [    Test worker] o.s.t.web.servlet.TestDispatcherServlet  : Initializing Servlet ''
2025-04-22 15:04:28.773  INFO 572828 --- [    Test worker] o.s.t.web.servlet.TestDispatcherServlet  : Completed initialization in 2 ms
2025-04-22 15:04:28.842  INFO 572828 --- [    Test worker] c.u.i.h.s.controller.GameControllerTest  : Started GameControllerTest in 3.593 seconds (JVM running for 5.407)
]]></system-out>
  <system-err><![CDATA[]]></system-err>
</testsuite>
