<?xml version="1.0" encoding="UTF-8"?>
<testsuite name="ch.uzh.ifi.hase.soprafs24.service.UserServiceTest" tests="19" skipped="0" failures="0" errors="0" timestamp="2025-04-22T12:35:45" hostname="rohit-precision" time="0.128">
  <properties/>
  <testcase name="changePassword_userNotFound_throwsException()" classname="ch.uzh.ifi.hase.soprafs24.service.UserServiceTest" time="0.067"/>
  <testcase name="changePassword_emptyNewPassword_throwsException()" classname="ch.uzh.ifi.hase.soprafs24.service.UserServiceTest" time="0.003"/>
  <testcase name="logout_invalidToken_throwsException()" classname="ch.uzh.ifi.hase.soprafs24.service.UserServiceTest" time="0.003"/>
  <testcase name="findUserById_invalidId_throwsException()" classname="ch.uzh.ifi.hase.soprafs24.service.UserServiceTest" time="0.004"/>
  <testcase name="createUser_validInputs_success()" classname="ch.uzh.ifi.hase.soprafs24.service.UserServiceTest" time="0.01"/>
  <testcase name="createUser_duplicateName_throwsException()" classname="ch.uzh.ifi.hase.soprafs24.service.UserServiceTest" time="0.002"/>
  <testcase name="userAuthenticate_invalidToken_throwsException()" classname="ch.uzh.ifi.hase.soprafs24.service.UserServiceTest" time="0.002"/>
  <testcase name="logout_validToken_success()" classname="ch.uzh.ifi.hase.soprafs24.service.UserServiceTest" time="0.002"/>
  <testcase name="changePassword_validInputs_success()" classname="ch.uzh.ifi.hase.soprafs24.service.UserServiceTest" time="0.002"/>
  <testcase name="updateUserProfile_validInputs_success()" classname="ch.uzh.ifi.hase.soprafs24.service.UserServiceTest" time="0.002"/>
  <testcase name="changePassword_incorrectCurrentPassword_throwsException()" classname="ch.uzh.ifi.hase.soprafs24.service.UserServiceTest" time="0.002"/>
  <testcase name="updateUserProfile_duplicateUsername_throwsException()" classname="ch.uzh.ifi.hase.soprafs24.service.UserServiceTest" time="0.002"/>
  <testcase name="login_invalidCredentials_throwsException()" classname="ch.uzh.ifi.hase.soprafs24.service.UserServiceTest" time="0.001"/>
  <testcase name="updateUserProfile_emptyUsername_throwsException()" classname="ch.uzh.ifi.hase.soprafs24.service.UserServiceTest" time="0.002"/>
  <testcase name="createUser_duplicateInputs_throwsException()" classname="ch.uzh.ifi.hase.soprafs24.service.UserServiceTest" time="0.003"/>
  <testcase name="updateUserProfile_invalidAvatar_throwsException()" classname="ch.uzh.ifi.hase.soprafs24.service.UserServiceTest" time="0.002"/>
  <testcase name="updateUserProfile_userNotFound_throwsException()" classname="ch.uzh.ifi.hase.soprafs24.service.UserServiceTest" time="0.002"/>
  <testcase name="login_validCredentials_success()" classname="ch.uzh.ifi.hase.soprafs24.service.UserServiceTest" time="0.001"/>
  <testcase name="findUserById_validId_success()" classname="ch.uzh.ifi.hase.soprafs24.service.UserServiceTest" time="0.002"/>
  <system-out><![CDATA[]]></system-out>
  <system-err><![CDATA[]]></system-err>
</testsuite>
